0 info it worked if it ends with ok
1 verbose cli [ '/usr/local/bin/node', '/usr/local/bin/npm', 'start' ]
2 info using npm@3.10.10
3 info using node@v6.10.0
4 verbose run-script [ 'prestart', 'start', 'poststart' ]
5 info lifecycle yaqing.services@0.0.1~prestart: yaqing.services@0.0.1
6 silly lifecycle yaqing.services@0.0.1~prestart: no script for prestart, continuing
7 info lifecycle yaqing.services@0.0.1~start: yaqing.services@0.0.1
8 verbose lifecycle yaqing.services@0.0.1~start: unsafe-perm in lifecycle true
9 verbose lifecycle yaqing.services@0.0.1~start: PATH: /usr/local/lib/node_modules/npm/bin/node-gyp-bin:/Users/yaqing.bie/Documents/Github/services/node_modules/.bin:/Users/yaqing.bie/Documents/Development/mongodb/bin:/Users/yaqing.bie/Documents/go/bin:/Users/yaqing.bie/Library/Android/sdk/tools:/Users/yaqing.bie/Library/Android/sdk/platform-tools:/Users/yaqing.bie/Library/Android/sdk:/Users/yaqing.bie/Documents/Development/cocos2d-x-3.13.1/templates:/Users/yaqing.bie/Documents/Development:/Users/yaqing.bie/Documents/Development/cocos2d-x-3.13.1/tools/cocos2d-console/bin:/Users/yaqing.bie/.rvm/gems/ruby-2.2.4/bin:/Users/yaqing.bie/.rvm/gems/ruby-2.2.4@global/bin:/Users/yaqing.bie/.rvm/rubies/ruby-2.2.4/bin:/usr/local/bin:/usr/local/bin:/usr/bin:/bin:/usr/sbin:/sbin:/usr/local/go/bin:/Users/yaqing.bie/.rvm/bin:/Users/yaqing.bie/.rvm/bin
10 verbose lifecycle yaqing.services@0.0.1~start: CWD: /Users/yaqing.bie/Documents/Github/services
11 silly lifecycle yaqing.services@0.0.1~start: Args: [ '-c', 'node index.js' ]
12 silly lifecycle yaqing.services@0.0.1~start: Returned: code: 1  signal: null
13 info lifecycle yaqing.services@0.0.1~start: Failed to exec start script
14 verbose stack Error: yaqing.services@0.0.1 start: `node index.js`
14 verbose stack Exit status 1
14 verbose stack     at EventEmitter.<anonymous> (/usr/local/lib/node_modules/npm/lib/utils/lifecycle.js:255:16)
14 verbose stack     at emitTwo (events.js:106:13)
14 verbose stack     at EventEmitter.emit (events.js:191:7)
14 verbose stack     at ChildProcess.<anonymous> (/usr/local/lib/node_modules/npm/lib/utils/spawn.js:40:14)
14 verbose stack     at emitTwo (events.js:106:13)
14 verbose stack     at ChildProcess.emit (events.js:191:7)
14 verbose stack     at maybeClose (internal/child_process.js:877:16)
14 verbose stack     at Process.ChildProcess._handle.onexit (internal/child_process.js:226:5)
15 verbose pkgid yaqing.services@0.0.1
16 verbose cwd /Users/yaqing.bie/Documents/Github/services
17 error Darwin 16.5.0
18 error argv "/usr/local/bin/node" "/usr/local/bin/npm" "start"
19 error node v6.10.0
20 error npm  v3.10.10
21 error code ELIFECYCLE
22 error yaqing.services@0.0.1 start: `node index.js`
22 error Exit status 1
23 error Failed at the yaqing.services@0.0.1 start script 'node index.js'.
23 error Make sure you have the latest version of node.js and npm installed.
23 error If you do, this is most likely a problem with the yaqing.services package,
23 error not with npm itself.
23 error Tell the author that this fails on your system:
23 error     node index.js
23 error You can get information on how to open an issue for this project with:
23 error     npm bugs yaqing.services
23 error Or if that isn't available, you can get their info via:
23 error     npm owner ls yaqing.services
23 error There is likely additional logging output above.
24 verbose exit [ 1, true ]
